<?xml version="1.0" encoding="UTF-8"?>
<testsuite xmlns:xsi="http://www.w3.org/2001/XMLSchema-instance" xsi:noNamespaceSchemaLocation="https://maven.apache.org/surefire/maven-surefire-plugin/xsd/surefire-test-report.xsd" name="edu.westga.comp4420.grocery_list.test.model.grocery_item.TestConstructor" time="0.096" tests="5" errors="0" skipped="0" failures="0">
  <properties>
[...]
</properties>
  <testcase name="testValidInput{String, int, int}[1]" classname="edu.westga.comp4420.grocery_list.test.model.grocery_item.TestConstructor" time="0.033"/>
  <testcase name="testInvalidInput{String, int, int}[1]" classname="edu.westga.comp4420.grocery_list.test.model.grocery_item.TestConstructor" time="0.003"/>
  <testcase name="testInvalidInput{String, int, int}[2]" classname="edu.westga.comp4420.grocery_list.test.model.grocery_item.TestConstructor" time="0"/>
  <testcase name="testInvalidInput{String, int, int}[3]" classname="edu.westga.comp4420.grocery_list.test.model.grocery_item.TestConstructor" time="0.001"/>
  <testcase name="testInvalidInput{String, int, int}[4]" classname="edu.westga.comp4420.grocery_list.test.model.grocery_item.TestConstructor" time="0"/>
</testsuite>